<?xml version="1.0" encoding="UTF-8"?>
<testsuite name="com.ntask.task1.tree.HeightCalculatorTest" tests="2" skipped="0" failures="0" errors="0" timestamp="2019-09-15T20:56:21" hostname="paranoid" time="0.007">
  <properties/>
  <testcase name="heightCalculate_NullRootPassed_ZeroHeight" classname="com.ntask.task1.tree.HeightCalculatorTest" time="0.0"/>
  <testcase name="heightCalculate_RootPassed_Successful" classname="com.ntask.task1.tree.HeightCalculatorTest" time="0.007"/>
  <system-out><![CDATA[]]></system-out>
  <system-err><![CDATA[]]></system-err>
</testsuite>
