<?xml version="1.0" encoding="UTF-8"?>
<testsuite name="com.ntask.task1.parser.JsonTreeParserTest" tests="2" skipped="0" failures="0" errors="0" timestamp="2019-09-15T20:56:21" hostname="paranoid" time="0.043">
  <properties/>
  <testcase name="treeParse_PathPassed_Successful" classname="com.ntask.task1.parser.JsonTreeParserTest" time="0.042"/>
  <testcase name="treeParse_NullPathPassed_ExceptionThrown" classname="com.ntask.task1.parser.JsonTreeParserTest" time="0.0"/>
  <system-out><![CDATA[]]></system-out>
  <system-err><![CDATA[]]></system-err>
</testsuite>
